<?xml version="1.0" encoding="UTF-8"?>
<!-- Generated by org.testng.reporters.JUnitReportReporter -->
<testsuite hostname="DESKTOP-2HSBI5O" failures="0" tests="5" name="testCases.testngDataProvider.TestCircle" time="0.021" errors="0" timestamp="2022-09-15T02:04:32 IDT" skipped="0">
  <testcase classname="testCases.testngDataProvider.TestCircle" name="circleAreaTest" time="0.011"/>
  <system-out/>
  <testcase classname="testCases.testngDataProvider.TestCircle" name="circleAreaTest" time="0.004"/>
  <system-out/>
  <testcase classname="testCases.testngDataProvider.TestCircle" name="circleAreaTest" time="0.002"/>
  <system-out/>
  <testcase classname="testCases.testngDataProvider.TestCircle" name="circleAreaTest" time="0.001"/>
  <system-out/>
  <testcase classname="testCases.testngDataProvider.TestCircle" name="circleAreaTest" time="0.003"/>
  <system-out/>
</testsuite> <!-- testCases.testngDataProvider.TestCircle -->
